{"name":"testInstallSteamWithDiscount()","status":"broken","statusDetails":{"known":false,"muted":false,"flaky":false,"message":"Error {\n  message='net::ERR_INTERNET_DISCONNECTED at https://store.steampowered.com/\n=========================== logs ===========================\nnavigating to \"https://store.steampowered.com/\", waiting until \"load\"\n============================================================\n  name='Error\n  stack='Error: net::ERR_INTERNET_DISCONNECTED at https://store.steampowered.com/\n=========================== logs ===========================\nnavigating to \"https://store.steampowered.com/\", waiting until \"load\"\n============================================================\n    at FrameSession._navigate (C:\\Users\\Lenovo\\AppData\\Local\\Temp\\playwright-java-13721804381399013724\\package\\lib\\server\\chromium\\crPage.js:508:35)\n    at async Frame._gotoAction (C:\\Users\\Lenovo\\AppData\\Local\\Temp\\playwright-java-13721804381399013724\\package\\lib\\server\\frames.js:542:28)\n    at async ProgressController.run (C:\\Users\\Lenovo\\AppData\\Local\\Temp\\playwright-java-13721804381399013724\\package\\lib\\server\\progress.js:92:22)\n    at async FrameDispatcher.goto (C:\\Users\\Lenovo\\AppData\\Local\\Temp\\playwright-java-13721804381399013724\\package\\lib\\server\\dispatchers\\frameDispatcher.js:75:103)\n    at async DispatcherConnection.dispatch (C:\\Users\\Lenovo\\AppData\\Local\\Temp\\playwright-java-13721804381399013724\\package\\lib\\server\\dispatchers\\dispatcher.js:312:22)\n}","trace":"com.microsoft.playwright.PlaywrightException: Error {\n  message='net::ERR_INTERNET_DISCONNECTED at https://store.steampowered.com/\n=========================== logs ===========================\nnavigating to \"https://store.steampowered.com/\", waiting until \"load\"\n============================================================\n  name='Error\n  stack='Error: net::ERR_INTERNET_DISCONNECTED at https://store.steampowered.com/\n=========================== logs ===========================\nnavigating to \"https://store.steampowered.com/\", waiting until \"load\"\n============================================================\n    at FrameSession._navigate (C:\\Users\\Lenovo\\AppData\\Local\\Temp\\playwright-java-13721804381399013724\\package\\lib\\server\\chromium\\crPage.js:508:35)\n    at async Frame._gotoAction (C:\\Users\\Lenovo\\AppData\\Local\\Temp\\playwright-java-13721804381399013724\\package\\lib\\server\\frames.js:542:28)\n    at async ProgressController.run (C:\\Users\\Lenovo\\AppData\\Local\\Temp\\playwright-java-13721804381399013724\\package\\lib\\server\\progress.js:92:22)\n    at async FrameDispatcher.goto (C:\\Users\\Lenovo\\AppData\\Local\\Temp\\playwright-java-13721804381399013724\\package\\lib\\server\\dispatchers\\frameDispatcher.js:75:103)\n    at async DispatcherConnection.dispatch (C:\\Users\\Lenovo\\AppData\\Local\\Temp\\playwright-java-13721804381399013724\\package\\lib\\server\\dispatchers\\dispatcher.js:312:22)\n}\r\n\tat com.microsoft.playwright.impl.WaitableResult.get(WaitableResult.java:54)\r\n\tat com.microsoft.playwright.impl.ChannelOwner.runUntil(ChannelOwner.java:111)\r\n\tat com.microsoft.playwright.impl.Connection.sendMessage(Connection.java:126)\r\n\tat com.microsoft.playwright.impl.ChannelOwner.sendMessage(ChannelOwner.java:102)\r\n\tat com.microsoft.playwright.impl.FrameImpl.navigateImpl(FrameImpl.java:463)\r\n\tat com.microsoft.playwright.impl.PageImpl.lambda$navigate$45(PageImpl.java:836)\r\n\tat com.microsoft.playwright.impl.LoggingSupport.withLogging(LoggingSupport.java:47)\r\n\tat com.microsoft.playwright.impl.ChannelOwner.withLogging(ChannelOwner.java:87)\r\n\tat com.microsoft.playwright.impl.PageImpl.navigate(PageImpl.java:836)\r\n\tat com.microsoft.playwright.impl.PageImpl.navigate(PageImpl.java:42)\r\n\tat com.microsoft.playwright.Page.navigate(Page.java:5282)\r\n\tat by.itechart.page.HomePage.open(HomePage.java:23)\r\n\tat DiscountTest.testInstallSteamWithDiscount(DiscountTest.java:38)\r\n\tat java.base/jdk.internal.reflect.NativeMethodAccessorImpl.invoke0(Native Method)\r\n\tat java.base/jdk.internal.reflect.NativeMethodAccessorImpl.invoke(NativeMethodAccessorImpl.java:62)\r\n\tat java.base/jdk.internal.reflect.DelegatingMethodAccessorImpl.invoke(DelegatingMethodAccessorImpl.java:43)\r\n\tat java.base/java.lang.reflect.Method.invoke(Method.java:566)\r\n\tat org.junit.platform.commons.util.ReflectionUtils.invokeMethod(ReflectionUtils.java:728)\r\n\tat org.junit.jupiter.engine.execution.MethodInvocation.proceed(MethodInvocation.java:60)\r\n\tat org.junit.jupiter.engine.execution.InvocationInterceptorChain$ValidatingInvocation.proceed(InvocationInterceptorChain.java:131)\r\n\tat org.junit.jupiter.engine.extension.TimeoutExtension.intercept(TimeoutExtension.java:156)\r\n\tat org.junit.jupiter.engine.extension.TimeoutExtension.interceptTestableMethod(TimeoutExtension.java:147)\r\n\tat org.junit.jupiter.engine.extension.TimeoutExtension.interceptTestMethod(TimeoutExtension.java:86)\r\n\tat org.junit.jupiter.engine.execution.InterceptingExecutableInvoker$ReflectiveInterceptorCall.lambda$ofVoidMethod$0(InterceptingExecutableInvoker.java:103)\r\n\tat org.junit.jupiter.engine.execution.InterceptingExecutableInvoker.lambda$invoke$0(InterceptingExecutableInvoker.java:93)\r\n\tat org.junit.jupiter.engine.execution.InvocationInterceptorChain$InterceptedInvocation.proceed(InvocationInterceptorChain.java:106)\r\n\tat org.junit.jupiter.engine.execution.InvocationInterceptorChain.proceed(InvocationInterceptorChain.java:64)\r\n\tat org.junit.jupiter.engine.execution.InvocationInterceptorChain.chainAndInvoke(InvocationInterceptorChain.java:45)\r\n\tat org.junit.jupiter.engine.execution.InvocationInterceptorChain.invoke(InvocationInterceptorChain.java:37)\r\n\tat org.junit.jupiter.engine.execution.InterceptingExecutableInvoker.invoke(InterceptingExecutableInvoker.java:92)\r\n\tat org.junit.jupiter.engine.execution.InterceptingExecutableInvoker.invoke(InterceptingExecutableInvoker.java:86)\r\n\tat org.junit.jupiter.engine.descriptor.TestMethodTestDescriptor.lambda$invokeTestMethod$7(TestMethodTestDescriptor.java:218)\r\n\tat org.junit.platform.engine.support.hierarchical.ThrowableCollector.execute(ThrowableCollector.java:73)\r\n\tat org.junit.jupiter.engine.descriptor.TestMethodTestDescriptor.invokeTestMethod(TestMethodTestDescriptor.java:214)\r\n\tat org.junit.jupiter.engine.descriptor.TestMethodTestDescriptor.execute(TestMethodTestDescriptor.java:139)\r\n\tat org.junit.jupiter.engine.descriptor.TestMethodTestDescriptor.execute(TestMethodTestDescriptor.java:69)\r\n\tat org.junit.platform.engine.support.hierarchical.NodeTestTask.lambda$executeRecursively$6(NodeTestTask.java:151)\r\n\tat org.junit.platform.engine.support.hierarchical.ThrowableCollector.execute(ThrowableCollector.java:73)\r\n\tat org.junit.platform.engine.support.hierarchical.NodeTestTask.lambda$executeRecursively$8(NodeTestTask.java:141)\r\n\tat org.junit.platform.engine.support.hierarchical.Node.around(Node.java:137)\r\n\tat org.junit.platform.engine.support.hierarchical.NodeTestTask.lambda$executeRecursively$9(NodeTestTask.java:139)\r\n\tat org.junit.platform.engine.support.hierarchical.ThrowableCollector.execute(ThrowableCollector.java:73)\r\n\tat org.junit.platform.engine.support.hierarchical.NodeTestTask.executeRecursively(NodeTestTask.java:138)\r\n\tat org.junit.platform.engine.support.hierarchical.NodeTestTask.execute(NodeTestTask.java:95)\r\n\tat java.base/java.util.ArrayList.forEach(ArrayList.java:1541)\r\n\tat org.junit.platform.engine.support.hierarchical.SameThreadHierarchicalTestExecutorService.invokeAll(SameThreadHierarchicalTestExecutorService.java:41)\r\n\tat org.junit.platform.engine.support.hierarchical.NodeTestTask.lambda$executeRecursively$6(NodeTestTask.java:155)\r\n\tat org.junit.platform.engine.support.hierarchical.ThrowableCollector.execute(ThrowableCollector.java:73)\r\n\tat org.junit.platform.engine.support.hierarchical.NodeTestTask.lambda$executeRecursively$8(NodeTestTask.java:141)\r\n\tat org.junit.platform.engine.support.hierarchical.Node.around(Node.java:137)\r\n\tat org.junit.platform.engine.support.hierarchical.NodeTestTask.lambda$executeRecursively$9(NodeTestTask.java:139)\r\n\tat org.junit.platform.engine.support.hierarchical.ThrowableCollector.execute(ThrowableCollector.java:73)\r\n\tat org.junit.platform.engine.support.hierarchical.NodeTestTask.executeRecursively(NodeTestTask.java:138)\r\n\tat org.junit.platform.engine.support.hierarchical.NodeTestTask.execute(NodeTestTask.java:95)\r\n\tat java.base/java.util.ArrayList.forEach(ArrayList.java:1541)\r\n\tat org.junit.platform.engine.support.hierarchical.SameThreadHierarchicalTestExecutorService.invokeAll(SameThreadHierarchicalTestExecutorService.java:41)\r\n\tat org.junit.platform.engine.support.hierarchical.NodeTestTask.lambda$executeRecursively$6(NodeTestTask.java:155)\r\n\tat org.junit.platform.engine.support.hierarchical.ThrowableCollector.execute(ThrowableCollector.java:73)\r\n\tat org.junit.platform.engine.support.hierarchical.NodeTestTask.lambda$executeRecursively$8(NodeTestTask.java:141)\r\n\tat org.junit.platform.engine.support.hierarchical.Node.around(Node.java:137)\r\n\tat org.junit.platform.engine.support.hierarchical.NodeTestTask.lambda$executeRecursively$9(NodeTestTask.java:139)\r\n\tat org.junit.platform.engine.support.hierarchical.ThrowableCollector.execute(ThrowableCollector.java:73)\r\n\tat org.junit.platform.engine.support.hierarchical.NodeTestTask.executeRecursively(NodeTestTask.java:138)\r\n\tat org.junit.platform.engine.support.hierarchical.NodeTestTask.execute(NodeTestTask.java:95)\r\n\tat org.junit.platform.engine.support.hierarchical.SameThreadHierarchicalTestExecutorService.submit(SameThreadHierarchicalTestExecutorService.java:35)\r\n\tat org.junit.platform.engine.support.hierarchical.HierarchicalTestExecutor.execute(HierarchicalTestExecutor.java:57)\r\n\tat org.junit.platform.engine.support.hierarchical.HierarchicalTestEngine.execute(HierarchicalTestEngine.java:54)\r\n\tat org.junit.platform.launcher.core.DefaultLauncher.execute(DefaultLauncher.java:229)\r\n\tat org.junit.platform.launcher.core.DefaultLauncher.lambda$execute$6(DefaultLauncher.java:197)\r\n\tat org.junit.platform.launcher.core.DefaultLauncher.withInterceptedStreams(DefaultLauncher.java:211)\r\n\tat org.junit.platform.launcher.core.DefaultLauncher.execute(DefaultLauncher.java:191)\r\n\tat org.junit.platform.launcher.core.DefaultLauncher.execute(DefaultLauncher.java:128)\r\n\tat com.intellij.junit5.JUnit5IdeaTestRunner.startRunnerWithArgs(JUnit5IdeaTestRunner.java:57)\r\n\tat com.intellij.rt.junit.IdeaTestRunner$Repeater$1.execute(IdeaTestRunner.java:38)\r\n\tat com.intellij.rt.execution.junit.TestsRepeater.repeat(TestsRepeater.java:11)\r\n\tat com.intellij.rt.junit.IdeaTestRunner$Repeater.startRunnerWithArgs(IdeaTestRunner.java:35)\r\n\tat com.intellij.rt.junit.JUnitStarter.prepareStreamsAndStart(JUnitStarter.java:232)\r\n\tat com.intellij.rt.junit.JUnitStarter.main(JUnitStarter.java:55)\r\nCaused by: com.microsoft.playwright.impl.DriverException: Error {\n  message='net::ERR_INTERNET_DISCONNECTED at https://store.steampowered.com/\n=========================== logs ===========================\nnavigating to \"https://store.steampowered.com/\", waiting until \"load\"\n============================================================\n  name='Error\n  stack='Error: net::ERR_INTERNET_DISCONNECTED at https://store.steampowered.com/\n=========================== logs ===========================\nnavigating to \"https://store.steampowered.com/\", waiting until \"load\"\n============================================================\n    at FrameSession._navigate (C:\\Users\\Lenovo\\AppData\\Local\\Temp\\playwright-java-13721804381399013724\\package\\lib\\server\\chromium\\crPage.js:508:35)\n    at async Frame._gotoAction (C:\\Users\\Lenovo\\AppData\\Local\\Temp\\playwright-java-13721804381399013724\\package\\lib\\server\\frames.js:542:28)\n    at async ProgressController.run (C:\\Users\\Lenovo\\AppData\\Local\\Temp\\playwright-java-13721804381399013724\\package\\lib\\server\\progress.js:92:22)\n    at async FrameDispatcher.goto (C:\\Users\\Lenovo\\AppData\\Local\\Temp\\playwright-java-13721804381399013724\\package\\lib\\server\\dispatchers\\frameDispatcher.js:75:103)\n    at async DispatcherConnection.dispatch (C:\\Users\\Lenovo\\AppData\\Local\\Temp\\playwright-java-13721804381399013724\\package\\lib\\server\\dispatchers\\dispatcher.js:312:22)\n}\r\n\tat com.microsoft.playwright.impl.Connection.dispatch(Connection.java:226)\r\n\tat com.microsoft.playwright.impl.Connection.processOneMessage(Connection.java:206)\r\n\tat com.microsoft.playwright.impl.ChannelOwner.runUntil(ChannelOwner.java:109)\r\n\t... 76 more\r\n"},"stage":"finished","description":"","steps":[],"attachments":[],"parameters":[],"start":1698314798367,"stop":1698314799275,"uuid":"a6be08fa-7168-4984-8bcf-4a54d973ff9d","historyId":"612304258eaa4161a382ff50ca55692a","fullName":"DiscountTest.testInstallSteamWithDiscount","labels":[{"name":"host","value":"DESKTOP-G7LGI7K"},{"name":"thread","value":"17336@DESKTOP-G7LGI7K.main(1)"},{"name":"framework","value":"junit-platform"},{"name":"language","value":"java"},{"name":"package","value":"DiscountTest"},{"name":"testClass","value":"DiscountTest"},{"name":"testMethod","value":"testInstallSteamWithDiscount"},{"name":"suite","value":"DiscountTest"}],"links":[]}